<?xml version="1.0" encoding="UTF-8" standalone="no"?>
<!DOCTYPE log SYSTEM "logger.dtd">
<log>
<record>
  <date>2018-10-03T11:21:35</date>
  <millis>1538554895738</millis>
  <sequence>0</sequence>
  <level>START</level>
  <class>com.kms.katalon.core.logging.KeywordLogger</class>
  <method>startSuite</method>
  <thread>1</thread>
  <message>Start Test Suite : Test Suites/EmbededCode</message>
  <nestedLevel>0</nestedLevel>
  <property name="name">EmbededCode</property>
  <property name="description"></property>
  <property name="id">Test Suites/EmbededCode</property>
</record>
<record>
  <date>2018-10-03T11:21:35</date>
  <millis>1538554895777</millis>
  <sequence>1</sequence>
  <level>RUN_DATA</level>
  <class>com.kms.katalon.core.logging.KeywordLogger</class>
  <method>logMessage</method>
  <thread>1</thread>
  <message>Logging run data &amp;apos;hostName&amp;apos; with value &amp;apos;Professional - User-PC&amp;apos;</message>
  <nestedLevel>0</nestedLevel>
  <property name="hostName">Professional - User-PC</property>
</record>
<record>
  <date>2018-10-03T11:21:35</date>
  <millis>1538554895779</millis>
  <sequence>2</sequence>
  <level>RUN_DATA</level>
  <class>com.kms.katalon.core.logging.KeywordLogger</class>
  <method>logMessage</method>
  <thread>1</thread>
  <message>Logging run data &amp;apos;os&amp;apos; with value &amp;apos;Windows 10 64bit&amp;apos;</message>
  <nestedLevel>0</nestedLevel>
  <property name="os">Windows 10 64bit</property>
</record>
<record>
  <date>2018-10-03T11:21:35</date>
  <millis>1538554895780</millis>
  <sequence>3</sequence>
  <level>RUN_DATA</level>
  <class>com.kms.katalon.core.logging.KeywordLogger</class>
  <method>logMessage</method>
  <thread>1</thread>
  <message>Logging run data &amp;apos;hostAddress&amp;apos; with value &amp;apos;192.168.56.1&amp;apos;</message>
  <nestedLevel>0</nestedLevel>
  <property name="hostAddress">192.168.56.1</property>
</record>
<record>
  <date>2018-10-03T11:21:35</date>
  <millis>1538554895788</millis>
  <sequence>4</sequence>
  <level>RUN_DATA</level>
  <class>com.kms.katalon.core.logging.KeywordLogger</class>
  <method>logMessage</method>
  <thread>1</thread>
  <message>Logging run data &amp;apos;katalonVersion&amp;apos; with value &amp;apos;5.7.1.1&amp;apos;</message>
  <nestedLevel>0</nestedLevel>
  <property name="katalonVersion">5.7.1.1</property>
</record>
<record>
  <date>2018-10-03T11:21:36</date>
  <millis>1538554896242</millis>
  <sequence>5</sequence>
  <level>START</level>
  <class>com.kms.katalon.core.logging.KeywordLogger</class>
  <method>startTest</method>
  <thread>1</thread>
  <message>Start Test Case : Test Cases/EmbededCode_Stage/testEmbedCodeCheckBtn</message>
  <nestedLevel>1</nestedLevel>
  <property name="name">Test Cases/EmbededCode_Stage/testEmbedCodeCheckBtn</property>
  <property name="description"></property>
  <property name="id">Test Cases/EmbededCode_Stage/testEmbedCodeCheckBtn</property>
  <property name="source">C:\\Repo\\Katalon_KVC\\KVC\\Test Cases\\EmbededCode_Stage\\testEmbedCodeCheckBtn.tc</property>
  <property name="isOptional">false</property>
</record>
<record>
  <date>2018-10-03T11:21:36</date>
  <millis>1538554896276</millis>
  <sequence>6</sequence>
  <level>INFO</level>
  <class>com.kms.katalon.core.logging.KeywordLogger</class>
  <method>logMessage</method>
  <thread>1</thread>
  <message>Evaluating variables for test case</message>
  <nestedLevel>1</nestedLevel>
</record>
<record>
  <date>2018-10-03T11:21:36</date>
  <millis>1538554896359</millis>
  <sequence>7</sequence>
  <level>INFO</level>
  <class>com.kms.katalon.core.logging.KeywordLogger</class>
  <method>logMessage</method>
  <thread>1</thread>
  <message>Variable &amp;apos;urlKVC&amp;apos; is set to https://stage-login.kvcentral.com/ as default</message>
  <nestedLevel>1</nestedLevel>
</record>
<record>
  <date>2018-10-03T11:21:36</date>
  <millis>1538554896468</millis>
  <sequence>8</sequence>
  <level>START</level>
  <class>com.kms.katalon.core.logging.KeywordLogger</class>
  <method>startKeyword</method>
  <thread>1</thread>
  <message>Start setup action : setupTestCase</message>
  <nestedLevel>1</nestedLevel>
  <property name="isIgnoredIfFailed">false</property>
</record>
<record>
  <date>2018-10-03T11:21:36</date>
  <millis>1538554896735</millis>
  <sequence>9</sequence>
  <level>START</level>
  <class>com.kms.katalon.core.logging.KeywordLogger</class>
  <method>startKeyword</method>
  <thread>1</thread>
  <message>Start action : deleteAllCookies</message>
  <nestedLevel>1</nestedLevel>
  <property name="startLine">49</property>
  <property name="stepIndex">1</property>
</record>
<record>
  <date>2018-10-03T11:21:37</date>
  <millis>1538554897306</millis>
  <sequence>10</sequence>
  <level>WARNING</level>
  <class>com.kms.katalon.core.logging.KeywordLogger</class>
  <method>logMessage</method>
  <thread>1</thread>
  <message>Cannot delete cookies because browser is closed</message>
  <nestedLevel>1</nestedLevel>
</record>
<record>
  <date>2018-10-03T11:21:37</date>
  <millis>1538554897307</millis>
  <sequence>11</sequence>
  <level>PASSED</level>
  <class>com.kms.katalon.core.logging.KeywordLogger</class>
  <method>logMessage</method>
  <thread>1</thread>
  <message>Delete all cookies successfully</message>
  <nestedLevel>1</nestedLevel>
</record>
<record>
  <date>2018-10-03T11:21:37</date>
  <millis>1538554897313</millis>
  <sequence>12</sequence>
  <level>END</level>
  <class>com.kms.katalon.core.logging.KeywordLogger</class>
  <method>endKeyword</method>
  <thread>1</thread>
  <message>End action : deleteAllCookies</message>
  <nestedLevel>1</nestedLevel>
</record>
<record>
  <date>2018-10-03T11:21:37</date>
  <millis>1538554897314</millis>
  <sequence>13</sequence>
  <level>START</level>
  <class>com.kms.katalon.core.logging.KeywordLogger</class>
  <method>startKeyword</method>
  <thread>1</thread>
  <message>Start action : maximizeWindow</message>
  <nestedLevel>1</nestedLevel>
  <property name="startLine">50</property>
  <property name="stepIndex">2</property>
</record>
<record>
  <date>2018-10-03T11:21:37</date>
  <millis>1538554897351</millis>
  <sequence>14</sequence>
  <level>INFO</level>
  <class>com.kms.katalon.core.logging.KeywordLogger</class>
  <method>logMessage</method>
  <thread>1</thread>
  <message>Maximizing current window</message>
  <nestedLevel>1</nestedLevel>
</record>
<record>
  <date>2018-10-03T11:21:37</date>
  <millis>1538554897359</millis>
  <sequence>15</sequence>
  <level>WARNING</level>
  <class>com.kms.katalon.core.logging.KeywordLogger</class>
  <method>logMessage</method>
  <thread>1</thread>
  <message>Cannot take screenshot</message>
  <nestedLevel>1</nestedLevel>
</record>
<record>
  <date>2018-10-03T11:21:37</date>
  <millis>1538554897367</millis>
  <sequence>16</sequence>
  <level>FAILED</level>
  <class>com.kms.katalon.core.logging.KeywordLogger</class>
  <method>logMessage</method>
  <thread>1</thread>
  <message>Unable to maximize current window (Root cause: com.kms.katalon.core.webui.exception.BrowserNotOpenedException: Browser is not opened\nBuild info: version: &amp;apos;3.7.1&amp;apos;, revision: &amp;apos;8a0099a&amp;apos;, time: &amp;apos;2017-11-06T21:07:36.161Z&amp;apos;\nSystem info: host: &amp;apos;USER-PC&amp;apos;, ip: &amp;apos;192.168.56.1&amp;apos;, os.name: &amp;apos;Windows 10&amp;apos;, os.arch: &amp;apos;amd64&amp;apos;, os.version: &amp;apos;10.0&amp;apos;, java.version: &amp;apos;1.8.0_181&amp;apos;\nDriver info: driver.version: unknown)</message>
  <nestedLevel>1</nestedLevel>
</record>
<record>
  <date>2018-10-03T11:21:37</date>
  <millis>1538554897375</millis>
  <sequence>17</sequence>
  <level>END</level>
  <class>com.kms.katalon.core.logging.KeywordLogger</class>
  <method>endKeyword</method>
  <thread>1</thread>
  <message>End action : maximizeWindow</message>
  <nestedLevel>1</nestedLevel>
</record>
<record>
  <date>2018-10-03T11:21:37</date>
  <millis>1538554897375</millis>
  <sequence>18</sequence>
  <level>ERROR</level>
  <class>com.kms.katalon.core.logging.KeywordLogger</class>
  <method>logMessage</method>
  <thread>1</thread>
  <message>Unable to maximize current window (Root cause: com.kms.katalon.core.webui.exception.BrowserNotOpenedException: Browser is not opened\nBuild info: version: &amp;apos;3.7.1&amp;apos;, revision: &amp;apos;8a0099a&amp;apos;, time: &amp;apos;2017-11-06T21:07:36.161Z&amp;apos;\nSystem info: host: &amp;apos;USER-PC&amp;apos;, ip: &amp;apos;192.168.56.1&amp;apos;, os.name: &amp;apos;Windows 10&amp;apos;, os.arch: &amp;apos;amd64&amp;apos;, os.version: &amp;apos;10.0&amp;apos;, java.version: &amp;apos;1.8.0_181&amp;apos;\nDriver info: driver.version: unknown)</message>
  <nestedLevel>1</nestedLevel>
</record>
<record>
  <date>2018-10-03T11:21:37</date>
  <millis>1538554897377</millis>
  <sequence>19</sequence>
  <level>END</level>
  <class>com.kms.katalon.core.logging.KeywordLogger</class>
  <method>endKeyword</method>
  <thread>1</thread>
  <message>End End action : setupTestCase</message>
  <nestedLevel>1</nestedLevel>
</record>
<record>
  <date>2018-10-03T11:21:37</date>
  <millis>1538554897378</millis>
  <sequence>20</sequence>
  <level>ERROR</level>
  <class>com.kms.katalon.core.logging.KeywordLogger</class>
  <method>logMessage</method>
  <thread>1</thread>
  <message></message>
  <nestedLevel>1</nestedLevel>
</record>
<record>
  <date>2018-10-03T11:21:37</date>
  <millis>1538554897378</millis>
  <sequence>21</sequence>
  <level>END</level>
  <class>com.kms.katalon.core.logging.KeywordLogger</class>
  <method>endTest</method>
  <thread>1</thread>
  <message>End Test Case : Test Cases/EmbededCode_Stage/testEmbedCodeCheckBtn</message>
  <nestedLevel>0</nestedLevel>
</record>
<record>
  <date>2018-10-03T11:21:37</date>
  <millis>1538554897393</millis>
  <sequence>22</sequence>
  <level>START</level>
  <class>com.kms.katalon.core.logging.KeywordLogger</class>
  <method>startTest</method>
  <thread>1</thread>
  <message>Start Test Case : Test Cases/EmbededCode_Stage/testEmbedCodeThumbnailLinkDisplayPlayIconChecked</message>
  <nestedLevel>1</nestedLevel>
  <property name="name">Test Cases/EmbededCode_Stage/testEmbedCodeThumbnailLinkDisplayPlayIconChecked</property>
  <property name="description"></property>
  <property name="id">Test Cases/EmbededCode_Stage/testEmbedCodeThumbnailLinkDisplayPlayIconChecked</property>
  <property name="source">C:\\Repo\\Katalon_KVC\\KVC\\Test Cases\\EmbededCode_Stage\\testEmbedCodeThumbnailLinkDisplayPlayIconChecked.tc</property>
  <property name="isOptional">false</property>
</record>
<record>
  <date>2018-10-03T11:21:37</date>
  <millis>1538554897411</millis>
  <sequence>23</sequence>
  <level>INFO</level>
  <class>com.kms.katalon.core.logging.KeywordLogger</class>
  <method>logMessage</method>
  <thread>1</thread>
  <message>Evaluating variables for test case</message>
  <nestedLevel>1</nestedLevel>
</record>
<record>
  <date>2018-10-03T11:21:37</date>
  <millis>1538554897413</millis>
  <sequence>24</sequence>
  <level>START</level>
  <class>com.kms.katalon.core.logging.KeywordLogger</class>
  <method>startKeyword</method>
  <thread>1</thread>
  <message>Start setup action : setupTestCase</message>
  <nestedLevel>1</nestedLevel>
  <property name="isIgnoredIfFailed">false</property>
</record>
<record>
  <date>2018-10-03T11:21:37</date>
  <millis>1538554897415</millis>
  <sequence>25</sequence>
  <level>START</level>
  <class>com.kms.katalon.core.logging.KeywordLogger</class>
  <method>startKeyword</method>
  <thread>1</thread>
  <message>Start action : deleteAllCookies</message>
  <nestedLevel>1</nestedLevel>
  <property name="startLine">49</property>
  <property name="stepIndex">1</property>
</record>
<record>
  <date>2018-10-03T11:21:37</date>
  <millis>1538554897416</millis>
  <sequence>26</sequence>
  <level>WARNING</level>
  <class>com.kms.katalon.core.logging.KeywordLogger</class>
  <method>logMessage</method>
  <thread>1</thread>
  <message>Cannot delete cookies because browser is closed</message>
  <nestedLevel>1</nestedLevel>
</record>
<record>
  <date>2018-10-03T11:21:37</date>
  <millis>1538554897417</millis>
  <sequence>27</sequence>
  <level>PASSED</level>
  <class>com.kms.katalon.core.logging.KeywordLogger</class>
  <method>logMessage</method>
  <thread>1</thread>
  <message>Delete all cookies successfully</message>
  <nestedLevel>1</nestedLevel>
</record>
<record>
  <date>2018-10-03T11:21:37</date>
  <millis>1538554897418</millis>
  <sequence>28</sequence>
  <level>END</level>
  <class>com.kms.katalon.core.logging.KeywordLogger</class>
  <method>endKeyword</method>
  <thread>1</thread>
  <message>End action : deleteAllCookies</message>
  <nestedLevel>1</nestedLevel>
</record>
<record>
  <date>2018-10-03T11:21:37</date>
  <millis>1538554897419</millis>
  <sequence>29</sequence>
  <level>START</level>
  <class>com.kms.katalon.core.logging.KeywordLogger</class>
  <method>startKeyword</method>
  <thread>1</thread>
  <message>Start action : maximizeWindow</message>
  <nestedLevel>1</nestedLevel>
  <property name="startLine">50</property>
  <property name="stepIndex">2</property>
</record>
<record>
  <date>2018-10-03T11:21:37</date>
  <millis>1538554897420</millis>
  <sequence>30</sequence>
  <level>INFO</level>
  <class>com.kms.katalon.core.logging.KeywordLogger</class>
  <method>logMessage</method>
  <thread>1</thread>
  <message>Maximizing current window</message>
  <nestedLevel>1</nestedLevel>
</record>
<record>
  <date>2018-10-03T11:21:37</date>
  <millis>1538554897424</millis>
  <sequence>31</sequence>
  <level>WARNING</level>
  <class>com.kms.katalon.core.logging.KeywordLogger</class>
  <method>logMessage</method>
  <thread>1</thread>
  <message>Cannot take screenshot</message>
  <nestedLevel>1</nestedLevel>
</record>
<record>
  <date>2018-10-03T11:21:37</date>
  <millis>1538554897426</millis>
  <sequence>32</sequence>
  <level>FAILED</level>
  <class>com.kms.katalon.core.logging.KeywordLogger</class>
  <method>logMessage</method>
  <thread>1</thread>
  <message>Unable to maximize current window (Root cause: com.kms.katalon.core.webui.exception.BrowserNotOpenedException: Browser is not opened\nBuild info: version: &amp;apos;3.7.1&amp;apos;, revision: &amp;apos;8a0099a&amp;apos;, time: &amp;apos;2017-11-06T21:07:36.161Z&amp;apos;\nSystem info: host: &amp;apos;USER-PC&amp;apos;, ip: &amp;apos;192.168.56.1&amp;apos;, os.name: &amp;apos;Windows 10&amp;apos;, os.arch: &amp;apos;amd64&amp;apos;, os.version: &amp;apos;10.0&amp;apos;, java.version: &amp;apos;1.8.0_181&amp;apos;\nDriver info: driver.version: unknown)</message>
  <nestedLevel>1</nestedLevel>
</record>
<record>
  <date>2018-10-03T11:21:37</date>
  <millis>1538554897432</millis>
  <sequence>33</sequence>
  <level>END</level>
  <class>com.kms.katalon.core.logging.KeywordLogger</class>
  <method>endKeyword</method>
  <thread>1</thread>
  <message>End action : maximizeWindow</message>
  <nestedLevel>1</nestedLevel>
</record>
<record>
  <date>2018-10-03T11:21:37</date>
  <millis>1538554897433</millis>
  <sequence>34</sequence>
  <level>ERROR</level>
  <class>com.kms.katalon.core.logging.KeywordLogger</class>
  <method>logMessage</method>
  <thread>1</thread>
  <message>Unable to maximize current window (Root cause: com.kms.katalon.core.webui.exception.BrowserNotOpenedException: Browser is not opened\nBuild info: version: &amp;apos;3.7.1&amp;apos;, revision: &amp;apos;8a0099a&amp;apos;, time: &amp;apos;2017-11-06T21:07:36.161Z&amp;apos;\nSystem info: host: &amp;apos;USER-PC&amp;apos;, ip: &amp;apos;192.168.56.1&amp;apos;, os.name: &amp;apos;Windows 10&amp;apos;, os.arch: &amp;apos;amd64&amp;apos;, os.version: &amp;apos;10.0&amp;apos;, java.version: &amp;apos;1.8.0_181&amp;apos;\nDriver info: driver.version: unknown)</message>
  <nestedLevel>1</nestedLevel>
</record>
<record>
  <date>2018-10-03T11:21:37</date>
  <millis>1538554897435</millis>
  <sequence>35</sequence>
  <level>END</level>
  <class>com.kms.katalon.core.logging.KeywordLogger</class>
  <method>endKeyword</method>
  <thread>1</thread>
  <message>End End action : setupTestCase</message>
  <nestedLevel>1</nestedLevel>
</record>
<record>
  <date>2018-10-03T11:21:37</date>
  <millis>1538554897441</millis>
  <sequence>36</sequence>
  <level>ERROR</level>
  <class>com.kms.katalon.core.logging.KeywordLogger</class>
  <method>logMessage</method>
  <thread>1</thread>
  <message></message>
  <nestedLevel>1</nestedLevel>
</record>
<record>
  <date>2018-10-03T11:21:37</date>
  <millis>1538554897442</millis>
  <sequence>37</sequence>
  <level>END</level>
  <class>com.kms.katalon.core.logging.KeywordLogger</class>
  <method>endTest</method>
  <thread>1</thread>
  <message>End Test Case : Test Cases/EmbededCode_Stage/testEmbedCodeThumbnailLinkDisplayPlayIconChecked</message>
  <nestedLevel>0</nestedLevel>
</record>
<record>
  <date>2018-10-03T11:21:37</date>
  <millis>1538554897455</millis>
  <sequence>38</sequence>
  <level>START</level>
  <class>com.kms.katalon.core.logging.KeywordLogger</class>
  <method>startTest</method>
  <thread>1</thread>
  <message>Start Test Case : Test Cases/EmbededCode_Stage/testEmbededCodeFullPage</message>
  <nestedLevel>1</nestedLevel>
  <property name="name">Test Cases/EmbededCode_Stage/testEmbededCodeFullPage</property>
  <property name="description"></property>
  <property name="id">Test Cases/EmbededCode_Stage/testEmbededCodeFullPage</property>
  <property name="source">C:\\Repo\\Katalon_KVC\\KVC\\Test Cases\\EmbededCode_Stage\\testEmbededCodeFullPage.tc</property>
  <property name="isOptional">false</property>
</record>
<record>
  <date>2018-10-03T11:21:37</date>
  <millis>1538554897466</millis>
  <sequence>39</sequence>
  <level>INFO</level>
  <class>com.kms.katalon.core.logging.KeywordLogger</class>
  <method>logMessage</method>
  <thread>1</thread>
  <message>Evaluating variables for test case</message>
  <nestedLevel>1</nestedLevel>
</record>
<record>
  <date>2018-10-03T11:21:37</date>
  <millis>1538554897469</millis>
  <sequence>40</sequence>
  <level>START</level>
  <class>com.kms.katalon.core.logging.KeywordLogger</class>
  <method>startKeyword</method>
  <thread>1</thread>
  <message>Start setup action : setupTestCase</message>
  <nestedLevel>1</nestedLevel>
  <property name="isIgnoredIfFailed">false</property>
</record>
<record>
  <date>2018-10-03T11:21:37</date>
  <millis>1538554897471</millis>
  <sequence>41</sequence>
  <level>START</level>
  <class>com.kms.katalon.core.logging.KeywordLogger</class>
  <method>startKeyword</method>
  <thread>1</thread>
  <message>Start action : deleteAllCookies</message>
  <nestedLevel>1</nestedLevel>
  <property name="startLine">49</property>
  <property name="stepIndex">1</property>
</record>
<record>
  <date>2018-10-03T11:21:37</date>
  <millis>1538554897473</millis>
  <sequence>42</sequence>
  <level>WARNING</level>
  <class>com.kms.katalon.core.logging.KeywordLogger</class>
  <method>logMessage</method>
  <thread>1</thread>
  <message>Cannot delete cookies because browser is closed</message>
  <nestedLevel>1</nestedLevel>
</record>
<record>
  <date>2018-10-03T11:21:37</date>
  <millis>1538554897474</millis>
  <sequence>43</sequence>
  <level>PASSED</level>
  <class>com.kms.katalon.core.logging.KeywordLogger</class>
  <method>logMessage</method>
  <thread>1</thread>
  <message>Delete all cookies successfully</message>
  <nestedLevel>1</nestedLevel>
</record>
<record>
  <date>2018-10-03T11:21:37</date>
  <millis>1538554897474</millis>
  <sequence>44</sequence>
  <level>END</level>
  <class>com.kms.katalon.core.logging.KeywordLogger</class>
  <method>endKeyword</method>
  <thread>1</thread>
  <message>End action : deleteAllCookies</message>
  <nestedLevel>1</nestedLevel>
</record>
<record>
  <date>2018-10-03T11:21:37</date>
  <millis>1538554897475</millis>
  <sequence>45</sequence>
  <level>START</level>
  <class>com.kms.katalon.core.logging.KeywordLogger</class>
  <method>startKeyword</method>
  <thread>1</thread>
  <message>Start action : maximizeWindow</message>
  <nestedLevel>1</nestedLevel>
  <property name="startLine">50</property>
  <property name="stepIndex">2</property>
</record>
<record>
  <date>2018-10-03T11:21:37</date>
  <millis>1538554897476</millis>
  <sequence>46</sequence>
  <level>INFO</level>
  <class>com.kms.katalon.core.logging.KeywordLogger</class>
  <method>logMessage</method>
  <thread>1</thread>
  <message>Maximizing current window</message>
  <nestedLevel>1</nestedLevel>
</record>
<record>
  <date>2018-10-03T11:21:37</date>
  <millis>1538554897479</millis>
  <sequence>47</sequence>
  <level>WARNING</level>
  <class>com.kms.katalon.core.logging.KeywordLogger</class>
  <method>logMessage</method>
  <thread>1</thread>
  <message>Cannot take screenshot</message>
  <nestedLevel>1</nestedLevel>
</record>
<record>
  <date>2018-10-03T11:21:37</date>
  <millis>1538554897479</millis>
  <sequence>48</sequence>
  <level>FAILED</level>
  <class>com.kms.katalon.core.logging.KeywordLogger</class>
  <method>logMessage</method>
  <thread>1</thread>
  <message>Unable to maximize current window (Root cause: com.kms.katalon.core.webui.exception.BrowserNotOpenedException: Browser is not opened\nBuild info: version: &amp;apos;3.7.1&amp;apos;, revision: &amp;apos;8a0099a&amp;apos;, time: &amp;apos;2017-11-06T21:07:36.161Z&amp;apos;\nSystem info: host: &amp;apos;USER-PC&amp;apos;, ip: &amp;apos;192.168.56.1&amp;apos;, os.name: &amp;apos;Windows 10&amp;apos;, os.arch: &amp;apos;amd64&amp;apos;, os.version: &amp;apos;10.0&amp;apos;, java.version: &amp;apos;1.8.0_181&amp;apos;\nDriver info: driver.version: unknown)</message>
  <nestedLevel>1</nestedLevel>
</record>
<record>
  <date>2018-10-03T11:21:37</date>
  <millis>1538554897481</millis>
  <sequence>49</sequence>
  <level>END</level>
  <class>com.kms.katalon.core.logging.KeywordLogger</class>
  <method>endKeyword</method>
  <thread>1</thread>
  <message>End action : maximizeWindow</message>
  <nestedLevel>1</nestedLevel>
</record>
<record>
  <date>2018-10-03T11:21:37</date>
  <millis>1538554897482</millis>
  <sequence>50</sequence>
  <level>ERROR</level>
  <class>com.kms.katalon.core.logging.KeywordLogger</class>
  <method>logMessage</method>
  <thread>1</thread>
  <message>Unable to maximize current window (Root cause: com.kms.katalon.core.webui.exception.BrowserNotOpenedException: Browser is not opened\nBuild info: version: &amp;apos;3.7.1&amp;apos;, revision: &amp;apos;8a0099a&amp;apos;, time: &amp;apos;2017-11-06T21:07:36.161Z&amp;apos;\nSystem info: host: &amp;apos;USER-PC&amp;apos;, ip: &amp;apos;192.168.56.1&amp;apos;, os.name: &amp;apos;Windows 10&amp;apos;, os.arch: &amp;apos;amd64&amp;apos;, os.version: &amp;apos;10.0&amp;apos;, java.version: &amp;apos;1.8.0_181&amp;apos;\nDriver info: driver.version: unknown)</message>
  <nestedLevel>1</nestedLevel>
</record>
<record>
  <date>2018-10-03T11:21:37</date>
  <millis>1538554897483</millis>
  <sequence>51</sequence>
  <level>END</level>
  <class>com.kms.katalon.core.logging.KeywordLogger</class>
  <method>endKeyword</method>
  <thread>1</thread>
  <message>End End action : setupTestCase</message>
  <nestedLevel>1</nestedLevel>
</record>
<record>
  <date>2018-10-03T11:21:37</date>
  <millis>1538554897483</millis>
  <sequence>52</sequence>
  <level>ERROR</level>
  <class>com.kms.katalon.core.logging.KeywordLogger</class>
  <method>logMessage</method>
  <thread>1</thread>
  <message></message>
  <nestedLevel>1</nestedLevel>
</record>
<record>
  <date>2018-10-03T11:21:37</date>
  <millis>1538554897484</millis>
  <sequence>53</sequence>
  <level>END</level>
  <class>com.kms.katalon.core.logging.KeywordLogger</class>
  <method>endTest</method>
  <thread>1</thread>
  <message>End Test Case : Test Cases/EmbededCode_Stage/testEmbededCodeFullPage</message>
  <nestedLevel>0</nestedLevel>
</record>
<record>
  <date>2018-10-03T11:21:37</date>
  <millis>1538554897533</millis>
  <sequence>54</sequence>
  <level>END</level>
  <class>com.kms.katalon.core.logging.KeywordLogger</class>
  <method>endSuite</method>
  <thread>1</thread>
  <message>End Test Suite : Test Suites/EmbededCode</message>
  <nestedLevel>0</nestedLevel>
</record>
</log>
